<?xml version="1.0" encoding="UTF-8"?>
<robot generator="Robot 4.0.3 (Python 3.9.4 on win32)" generated="20210713 12:32:52.027" rpa="false" schemaversion="2">
<suite id="s1" name="Email Tests" source="D:\B-Mine\Company\Company\Harman2\RobotProject\RPFFramework\email_tests.robot">
<test id="s1-t1" name="TC1">
<kw name="Authorize" library="RPA.Email.ImapSmtp">
<arg>account=shinebrightanytime@gmail.com</arg>
<arg>password=balaji@12345</arg>
<arg>smtp_server=smtp.gmail.com</arg>
<arg>smtp_port=587</arg>
<arg>imap_server=imap.gmail.com</arg>
<arg>imap_port=993</arg>
<doc>Authorize user to SMTP and IMAP servers.</doc>
<msg timestamp="20210713 12:32:52.254" level="INFO">Protecting keyword: RPA.Email.ImapSmtp.Authorize</msg>
<msg timestamp="20210713 12:32:55.700" level="INFO">Log level changed from NONE to INFO.</msg>
<status status="PASS" starttime="20210713 12:32:52.253" endtime="20210713 12:32:55.699"/>
</kw>
<kw name="Send Message" library="RPA.Email.ImapSmtp">
<arg>shinebrightanytime@gmail.com</arg>
<arg>balaji0017@gmail.com</arg>
<arg>subject=RPATest</arg>
<arg>body=Hello</arg>
<doc>Send SMTP email</doc>
<status status="PASS" starttime="20210713 12:32:55.702" endtime="20210713 12:32:57.230"/>
</kw>
<status status="PASS" starttime="20210713 12:32:52.252" endtime="20210713 12:32:57.231"/>
</test>
<status status="PASS" starttime="20210713 12:32:52.030" endtime="20210713 12:32:57.232"/>
</suite>
<statistics>
<total>
<stat pass="1" fail="0" skip="0">All Tests</stat>
</total>
<tag>
</tag>
<suite>
<stat pass="1" fail="0" skip="0" id="s1" name="Email Tests">Email Tests</stat>
</suite>
</statistics>
<errors>
</errors>
</robot>
